#
# A fatal error has been detected by the Java Runtime Environment:
#
#  EXCEPTION_ACCESS_VIOLATION (0xc0000005) at pc=0x00000239432f4d88, pid=17820, tid=18444
#
# JRE version: Java(TM) SE Runtime Environment (22.0+36) (build 22+36-2370)
# Java VM: Java HotSpot(TM) 64-Bit Server VM (22+36-2370, mixed mode, sharing, tiered, compressed oops, compressed class ptrs, g1 gc, windows-amd64)
# Problematic frame:
# j  java.lang.invoke.DirectMethodHandle$Holder.invokeSpecial(Ljava/lang/Object;Ljava/lang/Object;Ljava/lang/Object;)Ljava/lang/Object;+11 java.base@22
#
# No core dump will be written. Minidumps are not enabled by default on client versions of Windows
#
# If you would like to submit a bug report, please visit:
#   https://bugreport.java.com/bugreport/crash.jsp
#

---------------  S U M M A R Y ------------

Command Line: -XX:+ShowCodeDetailsInExceptionMessages -agentlib:jdwp=transport=dt_socket,suspend=y,address=localhost:61581 -javaagent:C:\Users\nambu\eclipse\java-2024-06\eclipse\configuration\org.eclipse.osgi\251\0\.cp\lib\javaagent-shaded.jar -Dfile.encoding=UTF-8 -Dstdout.encoding=UTF-8 -Dstderr.encoding=UTF-8 com.example.ecommerce.EcommerceApplication

Host: Intel(R) Core(TM) i5-9300H CPU @ 2.40GHz, 8 cores, 7G,  Windows 11 , 64 bit Build 26100 (10.0.26100.3037)
Time: Sun Feb  9 14:35:31 2025 India Standard Time elapsed time: 1367.837636 seconds (0d 0h 22m 47s)

---------------  T H R E A D  ---------------

Current thread (0x000002399be72c80):  JavaThread "http-nio-8080-exec-2" daemon [_thread_in_Java, id=18444, stack(0x0000005cea900000,0x0000005ceaa00000) (1024K)]

Stack: [0x0000005cea900000,0x0000005ceaa00000],  sp=0x0000005cea9fbd80,  free space=1007k
Native frames: (J=compiled Java code, j=interpreted, Vv=VM code, C=native code)
C  0x00000239432f4d88  (no source info available)

The last pc belongs to invokestatic (printed below).

siginfo: EXCEPTION_ACCESS_VIOLATION (0xc0000005), reading address 0xffffffffffffffff


Registers:
RAX=0x0000023993105dc8, RBX=0x00000239920203f8, RCX=0x0000023951095250, RDX=0x0000000000000002
RSP=0x0000005cea9fbd80, RBP=0x0000005cea9fbde0, RSI=0x000002399a8dfde8, RDI=0x000002399a8e2c70
R8 =0x0000000000000004, R9 =0x0000000000000004, R10=0x00007ff8c29bc900, R11=0x0000023951098fc0
R12=0x0000000000000000, R13=0xfffffffffffffff7, R14=0x0000005cea9fbe08, R15=0x000002399be72c80
RIP=0x00000239432f4d88, EFLAGS=0x0000000000010282


Register to memory mapping:

RAX=0x0000023993105dc8 is pointing into metadata
RBX={method} {0x0000023992020400} 'linkToSpecial' '(Ljava/lang/Object;Ljava/lang/Object;Ljava/lang/invoke/MemberName;)Ljava/lang/Object;' in 'java/lang/invoke/MethodHandle'
RCX=0x0000023951095250 is pointing into metadata
RDX=0x0000000000000002 is an unknown value
RSP=0x0000005cea9fbd80 is pointing into the stack for thread: 0x000002399be72c80
RBP=0x0000005cea9fbde0 is pointing into the stack for thread: 0x000002399be72c80
RSI=0x000002399a8dfde8 points into unknown readable memory: 0x88000cd288cba63c | 3c a6 cb 88 d2 0c 00 88
RDI=0x000002399a8e2c70 points into unknown readable memory: 0x0000002000000040 | 40 00 00 00 20 00 00 00
R8 =0x0000000000000004 is an unknown value
R9 =0x0000000000000004 is an unknown value
R10=0x00007ff8c29bc900 jvm.dll
R11={method} {0x0000023951098fc8} 'invokeSpecial' '(Ljava/lang/Object;Ljava/lang/Object;Ljava/lang/Object;)Ljava/lang/Object;' in 'java/lang/invoke/DirectMethodHandle$Holder'
R12=0x0 is null
R13=0xfffffffffffffff7 is an unknown value
R14=0x0000005cea9fbe08 is pointing into the stack for thread: 0x000002399be72c80
R15=0x000002399be72c80 is a thread

Top of Stack: (sp=0x0000005cea9fbd80)
0x0000005cea9fbd80:   00000239432d9741 0000000086ac74d0
0x0000005cea9fbd90:   000000008423af10 fffffffffffffff7
0x0000005cea9fbda0:   00000239516eee2b 0000000000000005
0x0000005cea9fbdb0:   00000239510950d0 0000023993105dc0
0x0000005cea9fbdc0:   00000000827af928 0000023951098fc0
0x0000005cea9fbdd0:   0000000000000000 0000005cea9fbe10
0x0000005cea9fbde0:   0000005cea9fbe78 00000239432d9741
0x0000005cea9fbdf0:   000000008432e078 0000000086ac74d0
0x0000005cea9fbe00:   000000008423af10 000000008432e010
0x0000005cea9fbe10:   00000239432d9741 0000000086ac74d0
0x0000005cea9fbe20:   000000008423af10 000000008432e010
0x0000005cea9fbe30:   fffffffffffffff7 00000239926052d4
0x0000005cea9fbe40:   0000000000000009 00000239926054d0
0x0000005cea9fbe50:   0000000000000000 0000000082a6fd78
0x0000005cea9fbe60:   00000239926052e0 fffffffffffffff4
0x0000005cea9fbe70:   0000005cea9fbed0 0000005cea9fc178
0x0000005cea9fbe80:   000002393bdc6893 000000008432e010
0x0000005cea9fbe90:   000000008423af10 000000008432e100
0x0000005cea9fbea0:   0000000086ac74d0 000000008432e128
0x0000005cea9fbeb0:   0000000086ac74d0 000000008423af10
0x0000005cea9fbec0:   000000008432dfe0 000002393bdc571c
0x0000005cea9fbed0:   ffffff0000000000 0000005cea9fbfb0
0x0000005cea9fbee0:   0000005cea9fbf60 0000005cea9fbf60
0x0000005cea9fbef0:   00000239432e30e1 00000239432d8190
0x0000005cea9fbf00:   0000000000000000 ffffff0000000000
0x0000005cea9fbf10:   0000005cea9fbfb0 0000005cea9fbf60
0x0000005cea9fbf20:   0000023993e07a08 00000239432e3121
0x0000005cea9fbf30:   00000239947fc0c8 00000000000000fa
0x0000005cea9fbf40:   0000000084338d68 0000005cea9fbf60
0x0000005cea9fbf50:   0000005cea9fbfb0 00000000828a7428
0x0000005cea9fbf60:   0000000086ac74d0 fffffffffffffff7
0x0000005cea9fbf70:   00000239947fe49c 0000000000000006 

Instructions: (pc=0x00000239432f4d88)
0x00000239432f4c88:   ff d0 48 83 c4 20 ff e0 49 83 7f 08 00 0f 84 05
0x00000239432f4c98:   00 00 00 e9 60 c2 fd ff 4c 8b 6d c0 4c 8b 75 c8
0x00000239432f4ca8:   4e 8d 74 f5 00 c3 48 8b 4d d0 41 0f b7 55 01 48
0x00000239432f4cb8:   8b 49 30 6b d2 18 48 8d 4c 11 08 48 8b 19 48 8b
0x00000239432f4cc8:   5b 08 48 8b 5b 08 48 8b 5b 18 80 bb 20 01 00 00
0x00000239432f4cd8:   05 0f 84 0d 00 00 00 4c 3b bb 30 01 00 00 0f 85
0x00000239432f4ce8:   63 fe ff ff 0f b6 51 15 48 8b 19 4c 89 6d c0 44
0x00000239432f4cf8:   8b ea 0f b6 51 14 49 ba 00 c9 9b c2 f8 7f 00 00
0x00000239432f4d08:   49 8b 14 d2 52 41 8b d5 4c 8b 6d c0 48 8b 45 d8
0x00000239432f4d18:   48 85 c0 0f 84 12 00 00 00 48 83 40 08 01 48 83
0x00000239432f4d28:   58 08 00 48 83 c0 10 48 89 45 d8 48 8b 45 d8 48
0x00000239432f4d38:   85 c0 0f 84 3d 01 00 00 80 78 f0 0a 0f 85 33 01
0x00000239432f4d48:   00 00 48 83 c0 08 4c 8b 68 f8 41 83 ed 00 41 83
0x00000239432f4d58:   fd 02 0f 8c 12 01 00 00 4c 8b 6b 08 45 0f b7 6d
0x00000239432f4d68:   2e 4c 2b 28 41 83 ed 01 4e 8b 6c ec 08 4d 85 ed
0x00000239432f4d78:   75 0e f6 40 08 01 75 58 f0 48 83 48 08 01 eb 50
0x00000239432f4d88:   45 8b 6d 08 49 ba 00 00 00 51 39 02 00 00 4d 03
0x00000239432f4d98:   ea 4d 8b d5 4c 33 68 08 49 f7 c5 fc ff ff ff 74
0x00000239432f4da8:   2f 41 f6 c5 02 75 29 48 83 78 08 00 74 1e 48 83
0x00000239432f4db8:   78 08 01 74 17 4d 8b ea 4c 33 68 08 49 f7 c5 fc
0x00000239432f4dc8:   ff ff ff 74 0b 48 83 48 08 02 eb 04 4c 89 68 08
0x00000239432f4dd8:   48 83 c0 10 4c 8b 68 e8 41 83 ed 02 41 83 fd 02
0x00000239432f4de8:   0f 8c 84 00 00 00 4c 8b 6b 08 45 0f b7 6d 2e 4c
0x00000239432f4df8:   2b 28 41 83 ed 01 4e 8b 6c ec 08 4d 85 ed 75 0e
0x00000239432f4e08:   f6 40 08 01 75 58 f0 48 83 48 08 01 eb 50 45 8b
0x00000239432f4e18:   6d 08 49 ba 00 00 00 51 39 02 00 00 4d 03 ea 4d
0x00000239432f4e28:   8b d5 4c 33 68 08 49 f7 c5 fc ff ff ff 74 2f 41
0x00000239432f4e38:   f6 c5 02 75 29 48 83 78 08 00 74 1e 48 83 78 08
0x00000239432f4e48:   01 74 17 4d 8b ea 4c 33 68 08 49 f7 c5 fc ff ff
0x00000239432f4e58:   ff 74 0b 48 83 48 08 02 eb 04 4c 89 68 08 48 83
0x00000239432f4e68:   c0 10 4c 8b 68 d8 41 83 ed 04 41 c1 e5 03 49 03
0x00000239432f4e78:   c5 48 89 45 d8 4c 8d 6c 24 08 49 8b cd 48 2b cd 


Stack slot to memory mapping:

stack at sp + 0 slots: 0x00000239432d9741 is at code_begin+4801 in an Interpreter codelet
return entry points  [0x00000239432d8480, 0x00000239432da680]  8704 bytes
stack at sp + 1 slots: 0x0000000086ac74d0 is an oop: com.example.ecommerce.model.LoginRequest 
{0x0000000086ac74d0} - klass: 'com/example/ecommerce/model/LoginRequest'
 - ---- fields (total size 3 words):
 - private 'email' 'Ljava/lang/String;' @12  "nambula.nikhilsai@gmail.com"{0x0000000086ac7688} (0x86ac7688)
 - private 'password' 'Ljava/lang/String;' @16  "asasalk"{0x0000000086ac76e8} (0x86ac76e8)
stack at sp + 2 slots: 0x000000008423af10 is an oop: com.example.ecommerce.controller.AuthController 
{0x000000008423af10} - klass: 'com/example/ecommerce/controller/AuthController'
 - ---- fields (total size 3 words):
 - private 'userRepository' 'Lcom/example/ecommerce/repository/UserRepository;' @12  a 'jdk/proxy7/$Proxy97'{0x0000000084244690} (0x84244690)
 - private 'resendEmailService' 'Lcom/example/ecommerce/service/ResendEmailService;' @16  a 'com/example/ecommerce/service/ResendEmailService'{0x0000000084211570} (0x84211570)
 - private 'jwtUtil' 'Lcom/example/ecommerce/security/JWTUtil;' @20  a 'com/example/ecommerce/security/JWTUtil'{0x00000000842c8668} (0x842c8668)
stack at sp + 3 slots: 0xfffffffffffffff7 is an unknown value
stack at sp + 4 slots: 0x00000239516eee2b is pointing into metadata
stack at sp + 5 slots: 0x0000000000000005 is an unknown value
stack at sp + 6 slots: 0x00000239510950d0 is pointing into metadata
stack at sp + 7 slots: 0x0000023993105dc0 is pointing into metadata

invokestatic  184 invokestatic  [0x00000239432f4b00, 0x00000239432f4ea0]  928 bytes
[MachCode]
  0x00000239432f4b00: 4883 ec08 | c5fa 1104 | 24eb 1f48 | 83ec 10c5 | fb11 0424 | eb14 4883 | ec10 4889 | 0424 48c7 
  0x00000239432f4b20: 4424 0800 | 0000 00eb | 0150 488b | 4dd0 410f | b755 0148 | 8b49 306b | d218 488d | 4c11 080f 
  0x00000239432f4b40: b659 1681 | fbb8 0000 | 000f 8474 | 0100 00bb | b800 0000 | e805 0000 | 00e9 5001 | 0000 488b 
  0x00000239432f4b60: d348 8d44 | 2408 4c89 | 6dc0 498b | cfc5 f877 | 4989 afb0 | 0300 0049 | 8987 a003 | 0000 4883 
  0x00000239432f4b80: ec20 40f6 | c40f 0f84 | 1900 0000 | 4883 ec08 | 48b8 80cd | 11c2 f87f | 0000 ffd0 | 4883 c408 
  0x00000239432f4ba0: e90c 0000 | 0048 b880 | cd11 c2f8 | 7f00 00ff | d048 83c4 | 2049 c787 | a003 0000 | 0000 0000 
  0x00000239432f4bc0: 49c7 87b0 | 0300 0000 | 0000 0049 | c787 a803 | 0000 0000 | 0000 c5f8 | 7741 8b8f | 3405 0000 
  0x00000239432f4be0: f6c1 010f | 8442 0000 | 00f6 c102 | 0f85 3900 | 0000 4883 | ec20 40f6 | c40f 0f84 | 1900 0000 
  0x00000239432f4c00: 4883 ec08 | 48b8 b077 | 11c2 f87f | 0000 ffd0 | 4883 c408 | e90c 0000 | 0048 b8b0 | 7711 c2f8 
  0x00000239432f4c20: 7f00 00ff | d048 83c4 | 20ff e049 | 8b8f e005 | 0000 4885 | c90f 8455 | 0000 008b | 899c 0000 
  0x00000239432f4c40: 0083 f901 | 0f85 4600 | 0000 498b | 8fe0 0500 | 008b 89a0 | 0000 0048 | 83ec 2040 | f6c4 0f0f 
  0x00000239432f4c60: 8419 0000 | 0048 83ec | 0848 b8a0 | 7711 c2f8 | 7f00 00ff | d048 83c4 | 08e9 0c00 | 0000 48b8 
  0x00000239432f4c80: a077 11c2 | f87f 0000 | ffd0 4883 | c420 ffe0 | 4983 7f08 | 000f 8405 | 0000 00e9 | 60c2 fdff 
  0x00000239432f4ca0: 4c8b 6dc0 | 4c8b 75c8 | 4e8d 74f5 | 00c3 488b | 4dd0 410f | b755 0148 | 8b49 306b | d218 488d 
  0x00000239432f4cc0: 4c11 0848 | 8b19 488b | 5b08 488b | 5b08 488b | 5b18 80bb | 2001 0000 | 050f 840d | 0000 004c 
  0x00000239432f4ce0: 3bbb 3001 | 0000 0f85 | 63fe ffff | 0fb6 5115 | 488b 194c | 896d c044 | 8bea 0fb6 | 5114 49ba 
  0x00000239432f4d00: 00c9 9bc2 | f87f 0000 | 498b 14d2 | 5241 8bd5 | 4c8b 6dc0 | 488b 45d8 | 4885 c00f | 8412 0000 
  0x00000239432f4d20: 0048 8340 | 0801 4883 | 5808 0048 | 83c0 1048 | 8945 d848 | 8b45 d848 | 85c0 0f84 | 3d01 0000 
  0x00000239432f4d40: 8078 f00a | 0f85 3301 | 0000 4883 | c008 4c8b | 68f8 4183 | ed00 4183 | fd02 0f8c | 1201 0000 
  0x00000239432f4d60: 4c8b 6b08 | 450f b76d | 2e4c 2b28 | 4183 ed01 | 4e8b 6cec | 084d 85ed | 750e f640 | 0801 7558 
  0x00000239432f4d80: f048 8348 | 0801 eb50 | 458b 6d08 | 49ba 0000 | 0051 3902 | 0000 4d03 | ea4d 8bd5 | 4c33 6808 
  0x00000239432f4da0: 49f7 c5fc | ffff ff74 | 2f41 f6c5 | 0275 2948 | 8378 0800 | 741e 4883 | 7808 0174 | 174d 8bea 
  0x00000239432f4dc0: 4c33 6808 | 49f7 c5fc | ffff ff74 | 0b48 8348 | 0802 eb04 | 4c89 6808 | 4883 c010 | 4c8b 68e8 
  0x00000239432f4de0: 4183 ed02 | 4183 fd02 | 0f8c 8400 | 0000 4c8b | 6b08 450f | b76d 2e4c | 2b28 4183 | ed01 4e8b 
  0x00000239432f4e00: 6cec 084d | 85ed 750e | f640 0801 | 7558 f048 | 8348 0801 | eb50 458b | 6d08 49ba | 0000 0051 
  0x00000239432f4e20: 3902 0000 | 4d03 ea4d | 8bd5 4c33 | 6808 49f7 | c5fc ffff | ff74 2f41 | f6c5 0275 | 2948 8378 
  0x00000239432f4e40: 0800 741e | 4883 7808 | 0174 174d | 8bea 4c33 | 6808 49f7 | c5fc ffff | ff74 0b48 | 8348 0802 
  0x00000239432f4e60: eb04 4c89 | 6808 4883 | c010 4c8b | 68d8 4183 | ed04 41c1 | e503 4903 | c548 8945 | d84c 8d6c 
  0x00000239432f4e80: 2408 498b | cd48 2bcd | 48c1 f903 | 4889 4df0 | 4180 bfe8 | 0500 0000 | 7403 ff63 | 38ff 6350 
[/MachCode]

---------------  P R O C E S S  ---------------

Threads class SMR info:
_java_thread_list=0x00000239504b8020, length=42, elements={
0x0000023950262140, 0x0000023950263cc0, 0x0000023950269cf0, 0x000002395026cfe0,
0x000002395027a980, 0x000002395028ccf0, 0x000002395027ff40, 0x0000023950280600,
0x000002395028b2b0, 0x00000239505d2120, 0x00000239505dc860, 0x00000239505e16a0,
0x000002395028c660, 0x0000023996009490, 0x0000023996009b20, 0x0000023996008770,
0x000002399be74d50, 0x00000239960080e0, 0x000002399600a840, 0x000002399600aed0,
0x000002399600bbf0, 0x0000023996008e00, 0x000002399600cfa0, 0x000002399600d630,
0x000002399600c910, 0x000002399600dcc0, 0x000002399600e350, 0x000002399600f070,
0x000002399be725f0, 0x000002399be739a0, 0x000002399be71240, 0x000002399be72c80,
0x000002399be74030, 0x000002399be70bb0, 0x000002399be753e0, 0x000002399be76e20,
0x000002399be76790, 0x000002399be75a70, 0x000002399be781d0, 0x000002399be774b0,
0x000002399be76100, 0x000002395028b940
}

Java Threads: ( => current thread )
  0x0000023950262140 JavaThread "Reference Handler"          daemon [_thread_blocked, id=11676, stack(0x0000005ce8000000,0x0000005ce8100000) (1024K)]
  0x0000023950263cc0 JavaThread "Finalizer"                  daemon [_thread_blocked, id=24764, stack(0x0000005ce8100000,0x0000005ce8200000) (1024K)]
  0x0000023950269cf0 JavaThread "Signal Dispatcher"          daemon [_thread_blocked, id=11116, stack(0x0000005ce8200000,0x0000005ce8300000) (1024K)]
  0x000002395026cfe0 JavaThread "Attach Listener"            daemon [_thread_blocked, id=19316, stack(0x0000005ce8300000,0x0000005ce8400000) (1024K)]
  0x000002395027a980 JavaThread "Service Thread"             daemon [_thread_blocked, id=16752, stack(0x0000005ce8400000,0x0000005ce8500000) (1024K)]
  0x000002395028ccf0 JavaThread "Monitor Deflation Thread"   daemon [_thread_blocked, id=15408, stack(0x0000005ce8500000,0x0000005ce8600000) (1024K)]
  0x000002395027ff40 JavaThread "C2 CompilerThread0"         daemon [_thread_blocked, id=13044, stack(0x0000005ce8600000,0x0000005ce8700000) (1024K)]
  0x0000023950280600 JavaThread "C1 CompilerThread0"         daemon [_thread_blocked, id=13236, stack(0x0000005ce8700000,0x0000005ce8800000) (1024K)]
  0x000002395028b2b0 JavaThread "Common-Cleaner"             daemon [_thread_blocked, id=20436, stack(0x0000005ce8800000,0x0000005ce8900000) (1024K)]
  0x00000239505d2120 JavaThread "JDWP Transport Listener: dt_socket" daemon [_thread_blocked, id=18752, stack(0x0000005ce8a00000,0x0000005ce8b00000) (1024K)]
  0x00000239505dc860 JavaThread "JDWP Event Helper Thread"   daemon [_thread_blocked, id=23936, stack(0x0000005ce8b00000,0x0000005ce8c00000) (1024K)]
  0x00000239505e16a0 JavaThread "JDWP Command Reader"        daemon [_thread_in_native, id=17004, stack(0x0000005ce8c00000,0x0000005ce8d00000) (1024K)]
  0x000002395028c660 JavaThread "Notification Thread"        daemon [_thread_blocked, id=8772, stack(0x0000005ce8d00000,0x0000005ce8e00000) (1024K)]
  0x0000023996009490 JavaThread "Jndi-Dns-address-change-listener" daemon [_thread_in_native, id=13172, stack(0x0000005ce9c00000,0x0000005ce9d00000) (1024K)]
  0x0000023996009b20 JavaThread "BufferPoolPruner-1-thread-1" daemon [_thread_blocked, id=23632, stack(0x0000005ce9d00000,0x0000005ce9e00000) (1024K)]
  0x0000023996008770 JavaThread "Live Reload Server"         daemon [_thread_in_native, id=25800, stack(0x0000005cea300000,0x0000005cea400000) (1024K)]
  0x000002399be74d50 JavaThread "DestroyJavaVM"                     [_thread_blocked, id=25660, stack(0x0000005ce7800000,0x0000005ce7900000) (1024K)]
  0x00000239960080e0 JavaThread "Catalina-utility-1"                [_thread_blocked, id=5700, stack(0x0000005ce9600000,0x0000005ce9700000) (1024K)]
  0x000002399600a840 JavaThread "Catalina-utility-2"                [_thread_blocked, id=3720, stack(0x0000005ce9700000,0x0000005ce9800000) (1024K)]
  0x000002399600aed0 JavaThread "container-0"                       [_thread_blocked, id=17084, stack(0x0000005ce9900000,0x0000005ce9a00000) (1024K)]
  0x000002399600bbf0 JavaThread "cluster-ClusterId{value='67a86f993fcbff0f10695c3b', description='Cluster0'}-cluster0-shard-00-01.3qev7.mongodb.net:27017" daemon [_thread_in_native, id=16148, stack(0x0000005ce9b00000,0x0000005ce9c00000) (1024K)]
  0x0000023996008e00 JavaThread "cluster-ClusterId{value='67a86f993fcbff0f10695c3b', description='Cluster0'}-cluster0-shard-00-02.3qev7.mongodb.net:27017" daemon [_thread_in_native, id=8136, stack(0x0000005ce9e00000,0x0000005ce9f00000) (1024K)]
  0x000002399600cfa0 JavaThread "cluster-ClusterId{value='67a86f993fcbff0f10695c3b', description='Cluster0'}-cluster0-shard-00-00.3qev7.mongodb.net:27017" daemon [_thread_in_native, id=15392, stack(0x0000005ce9f00000,0x0000005cea000000) (1024K)]
  0x000002399600d630 JavaThread "cluster-rtt-ClusterId{value='67a86f993fcbff0f10695c3b', description='Cluster0'}-cluster0-shard-00-01.3qev7.mongodb.net:27017" daemon [_thread_blocked, id=1684, stack(0x0000005cea000000,0x0000005cea100000) (1024K)]
  0x000002399600c910 JavaThread "MaintenanceTimer-14-thread-1" daemon [_thread_blocked, id=14360, stack(0x0000005cea100000,0x0000005cea200000) (1024K)]
  0x000002399600dcc0 JavaThread "cluster-rtt-ClusterId{value='67a86f993fcbff0f10695c3b', description='Cluster0'}-cluster0-shard-00-02.3qev7.mongodb.net:27017" daemon [_thread_blocked, id=22636, stack(0x0000005cea200000,0x0000005cea300000) (1024K)]
  0x000002399600e350 JavaThread "MaintenanceTimer-15-thread-1" daemon [_thread_blocked, id=22980, stack(0x0000005cea400000,0x0000005cea500000) (1024K)]
  0x000002399600f070 JavaThread "cluster-rtt-ClusterId{value='67a86f993fcbff0f10695c3b', description='Cluster0'}-cluster0-shard-00-00.3qev7.mongodb.net:27017" daemon [_thread_blocked, id=7880, stack(0x0000005cea500000,0x0000005cea600000) (1024K)]
  0x000002399be725f0 JavaThread "MaintenanceTimer-16-thread-1" daemon [_thread_blocked, id=25648, stack(0x0000005cea600000,0x0000005cea700000) (1024K)]
  0x000002399be739a0 JavaThread "File Watcher"               daemon [_thread_blocked, id=18092, stack(0x0000005cea700000,0x0000005cea800000) (1024K)]
  0x000002399be71240 JavaThread "http-nio-8080-exec-1"       daemon [_thread_blocked, id=22052, stack(0x0000005cea800000,0x0000005cea900000) (1024K)]
=>0x000002399be72c80 JavaThread "http-nio-8080-exec-2"       daemon [_thread_in_Java, id=18444, stack(0x0000005cea900000,0x0000005ceaa00000) (1024K)]
  0x000002399be74030 JavaThread "http-nio-8080-exec-3"       daemon [_thread_blocked, id=14408, stack(0x0000005ceaa00000,0x0000005ceab00000) (1024K)]
  0x000002399be70bb0 JavaThread "http-nio-8080-exec-4"       daemon [_thread_blocked, id=24812, stack(0x0000005ceab00000,0x0000005ceac00000) (1024K)]
  0x000002399be753e0 JavaThread "http-nio-8080-exec-5"       daemon [_thread_blocked, id=17316, stack(0x0000005ceac00000,0x0000005cead00000) (1024K)]
  0x000002399be76e20 JavaThread "http-nio-8080-exec-6"       daemon [_thread_blocked, id=24584, stack(0x0000005cead00000,0x0000005ceae00000) (1024K)]
  0x000002399be76790 JavaThread "http-nio-8080-exec-7"       daemon [_thread_blocked, id=14780, stack(0x0000005ceae00000,0x0000005ceaf00000) (1024K)]
  0x000002399be75a70 JavaThread "http-nio-8080-exec-8"       daemon [_thread_blocked, id=6032, stack(0x0000005ceaf00000,0x0000005ceb000000) (1024K)]
  0x000002399be781d0 JavaThread "http-nio-8080-exec-9"       daemon [_thread_blocked, id=18608, stack(0x0000005ceb000000,0x0000005ceb100000) (1024K)]
  0x000002399be774b0 JavaThread "http-nio-8080-exec-10"      daemon [_thread_blocked, id=25520, stack(0x0000005ceb100000,0x0000005ceb200000) (1024K)]
  0x000002399be76100 JavaThread "http-nio-8080-Poller"       daemon [_thread_in_native, id=20160, stack(0x0000005ceb200000,0x0000005ceb300000) (1024K)]
  0x000002395028b940 JavaThread "http-nio-8080-Acceptor"     daemon [_thread_in_native, id=2292, stack(0x0000005ceb300000,0x0000005ceb400000) (1024K)]
Total: 42

Other Threads:
  0x0000023950245cd0 VMThread "VM Thread"                           [id=24084, stack(0x0000005ce7f00000,0x0000005ce8000000) (1024K)]
  0x000002395022ca70 WatcherThread "VM Periodic Task Thread"        [id=2076, stack(0x0000005ce7e00000,0x0000005ce7f00000) (1024K)]
  0x0000023933abbb30 WorkerThread "GC Thread#0"                     [id=16264, stack(0x0000005ce7900000,0x0000005ce7a00000) (1024K)]
  0x000002399676f2d0 WorkerThread "GC Thread#1"                     [id=24424, stack(0x0000005ce8e00000,0x0000005ce8f00000) (1024K)]
  0x0000023996581700 WorkerThread "GC Thread#2"                     [id=25676, stack(0x0000005ce8f00000,0x0000005ce9000000) (1024K)]
  0x00000239965589c0 WorkerThread "GC Thread#3"                     [id=23836, stack(0x0000005ce9000000,0x0000005ce9100000) (1024K)]
  0x0000023996558d70 WorkerThread "GC Thread#4"                     [id=7784, stack(0x0000005ce9100000,0x0000005ce9200000) (1024K)]
  0x00000239965b5750 WorkerThread "GC Thread#5"                     [id=19860, stack(0x0000005ce9200000,0x0000005ce9300000) (1024K)]
  0x00000239965b5b00 WorkerThread "GC Thread#6"                     [id=11440, stack(0x0000005ce9300000,0x0000005ce9400000) (1024K)]
  0x000002399655f4d0 WorkerThread "GC Thread#7"                     [id=15400, stack(0x0000005ce9400000,0x0000005ce9500000) (1024K)]
  0x0000023933acc920 ConcurrentGCThread "G1 Main Marker"            [id=16132, stack(0x0000005ce7a00000,0x0000005ce7b00000) (1024K)]
  0x0000023933acf7a0 WorkerThread "G1 Conc#0"                       [id=18684, stack(0x0000005ce7b00000,0x0000005ce7c00000) (1024K)]
  0x0000023996c29e50 WorkerThread "G1 Conc#1"                       [id=10972, stack(0x0000005ce9800000,0x0000005ce9900000) (1024K)]
  0x0000023933b1eaf0 ConcurrentGCThread "G1 Refine#0"               [id=12404, stack(0x0000005ce7c00000,0x0000005ce7d00000) (1024K)]
  0x00000239500fe340 ConcurrentGCThread "G1 Service"                [id=21684, stack(0x0000005ce7d00000,0x0000005ce7e00000) (1024K)]
Total: 15

Threads with active compile tasks:
Total: 0

VM state: not at safepoint (normal execution)

VM Mutex/Monitor currently owned by a thread: None

Heap address: 0x0000000082400000, size: 2012 MB, Compressed Oops mode: 32-bit

CDS archive(s) mapped at: [0x0000023951000000-0x0000023951c60000-0x0000023951c60000), size 12976128, SharedBaseAddress: 0x0000023951000000, ArchiveRelocationMode: 1.
Compressed class space mapped at: 0x0000023952000000-0x0000023992000000, reserved size: 1073741824
Narrow klass base: 0x0000023951000000, Narrow klass shift: 0, Narrow klass range: 0x41000000

GC Precious Log:
 CardTable entry size: 512
 Card Set container configuration: InlinePtr #cards 5 size 8 Array Of Cards #cards 12 size 40 Howl #buckets 4 coarsen threshold 1843 Howl Bitmap #cards 512 size 80 coarsen threshold 460 Card regions per heap region 1 cards per card region 2048
 CPUs: 8 total, 8 available
 Memory: 8043M
 Large Page Support: Disabled
 NUMA Support: Disabled
 Compressed Oops: Enabled (32-bit)
 Heap Region Size: 1M
 Heap Min Capacity: 8M
 Heap Initial Capacity: 126M
 Heap Max Capacity: 2012M
 Pre-touch: Disabled
 Parallel Workers: 8
 Concurrent Workers: 2
 Concurrent Refinement Workers: 8
 Periodic GC: Disabled

Heap:
 garbage-first heap   total reserved 2060288K, committed 54272K, used 27801K [0x0000000082400000, 0x0000000100000000)
  region size 1024K, 6 young (6144K), 3 survivors (3072K)
 Metaspace       used 54561K, committed 55360K, reserved 1114112K
  class space    used 6900K, committed 7296K, reserved 1048576K

Heap Regions: E=young(eden), S=young(survivor), O=old, HS=humongous(starts), HC=humongous(continues), CS=collection set, F=free, TAMS=top-at-mark-start, PB=parsable bottom
|   0|0x0000000082400000, 0x0000000082500000, 0x0000000082500000|100%| O|  |TAMS 0x0000000082400000| PB 0x0000000082400000| Untracked |  0
|   1|0x0000000082500000, 0x0000000082600000, 0x0000000082600000|100%| O|  |TAMS 0x0000000082500000| PB 0x0000000082500000| Untracked |  0
|   2|0x0000000082600000, 0x0000000082700000, 0x0000000082700000|100%| O|  |TAMS 0x0000000082600000| PB 0x0000000082600000| Untracked |  0
|   3|0x0000000082700000, 0x0000000082800000, 0x0000000082800000|100%| O|  |TAMS 0x0000000082700000| PB 0x0000000082700000| Untracked |  0
|   4|0x0000000082800000, 0x0000000082900000, 0x0000000082900000|100%| O|  |TAMS 0x0000000082800000| PB 0x0000000082800000| Untracked |  0
|   5|0x0000000082900000, 0x00000000829fffc8, 0x0000000082a00000| 99%| O|  |TAMS 0x0000000082900000| PB 0x0000000082900000| Untracked |  0
|   6|0x0000000082a00000, 0x0000000082afffe8, 0x0000000082b00000| 99%| O|  |TAMS 0x0000000082a00000| PB 0x0000000082a00000| Untracked |  0
|   7|0x0000000082b00000, 0x0000000082bfffe8, 0x0000000082c00000| 99%| O|  |TAMS 0x0000000082b00000| PB 0x0000000082b00000| Untracked |  0
|   8|0x0000000082c00000, 0x0000000082cffff0, 0x0000000082d00000| 99%| O|  |TAMS 0x0000000082c00000| PB 0x0000000082c00000| Untracked |  0
|   9|0x0000000082d00000, 0x0000000082dfffe8, 0x0000000082e00000| 99%| O|  |TAMS 0x0000000082d00000| PB 0x0000000082d00000| Untracked |  0
|  10|0x0000000082e00000, 0x0000000082f00000, 0x0000000082f00000|100%| O|  |TAMS 0x0000000082e00000| PB 0x0000000082e00000| Untracked |  0
|  11|0x0000000082f00000, 0x0000000082ffff78, 0x0000000083000000| 99%| O|  |TAMS 0x0000000082f00000| PB 0x0000000082f00000| Untracked |  0
|  12|0x0000000083000000, 0x0000000083100000, 0x0000000083100000|100%| O|  |TAMS 0x0000000083000000| PB 0x0000000083000000| Untracked |  0
|  13|0x0000000083100000, 0x00000000831fffd8, 0x0000000083200000| 99%| O|  |TAMS 0x0000000083100000| PB 0x0000000083100000| Untracked |  0
|  14|0x0000000083200000, 0x00000000832fffd0, 0x0000000083300000| 99%| O|  |TAMS 0x0000000083200000| PB 0x0000000083200000| Untracked |  0
|  15|0x0000000083300000, 0x00000000833dfb28, 0x0000000083400000| 87%| O|  |TAMS 0x0000000083300000| PB 0x0000000083300000| Untracked |  0
|  16|0x0000000083400000, 0x000000008349b538, 0x0000000083500000| 60%| O|  |TAMS 0x0000000083400000| PB 0x0000000083400000| Untracked |  0
|  17|0x0000000083500000, 0x00000000835fffe8, 0x0000000083600000| 99%| O|  |TAMS 0x0000000083500000| PB 0x0000000083500000| Untracked |  0
|  18|0x0000000083600000, 0x00000000836fffe8, 0x0000000083700000| 99%| O|  |TAMS 0x0000000083600000| PB 0x0000000083600000| Untracked |  0
|  19|0x0000000083700000, 0x00000000837fffe8, 0x0000000083800000| 99%| O|  |TAMS 0x0000000083700000| PB 0x0000000083700000| Untracked |  0
|  20|0x0000000083800000, 0x00000000838d9f08, 0x0000000083900000| 85%| O|  |TAMS 0x0000000083800000| PB 0x0000000083800000| Untracked |  0
|  21|0x0000000083900000, 0x0000000083a00000, 0x0000000083a00000|100%| O|  |TAMS 0x0000000083900000| PB 0x0000000083900000| Untracked |  0
|  22|0x0000000083a00000, 0x0000000083ae27e0, 0x0000000083b00000| 88%| O|  |TAMS 0x0000000083a00000| PB 0x0000000083a00000| Untracked |  0
|  23|0x0000000083b00000, 0x0000000083bc4cd0, 0x0000000083c00000| 76%| O|  |TAMS 0x0000000083b00000| PB 0x0000000083b00000| Untracked |  0
|  24|0x0000000083c00000, 0x0000000083c00000, 0x0000000083d00000|  0%| F|  |TAMS 0x0000000083c00000| PB 0x0000000083c00000| Untracked |  0
|  25|0x0000000083d00000, 0x0000000083d00000, 0x0000000083e00000|  0%| F|  |TAMS 0x0000000083d00000| PB 0x0000000083d00000| Untracked |  0
|  26|0x0000000083e00000, 0x0000000083e00000, 0x0000000083f00000|  0%| F|  |TAMS 0x0000000083e00000| PB 0x0000000083e00000| Untracked |  0
|  27|0x0000000083f00000, 0x0000000083f00000, 0x0000000084000000|  0%| F|  |TAMS 0x0000000083f00000| PB 0x0000000083f00000| Untracked |  0
|  28|0x0000000084000000, 0x0000000084000000, 0x0000000084100000|  0%| F|  |TAMS 0x0000000084000000| PB 0x0000000084000000| Untracked |  0
|  29|0x0000000084100000, 0x000000008412a570, 0x0000000084200000| 16%| S|CS|TAMS 0x0000000084100000| PB 0x0000000084100000| Complete |  0
|  30|0x0000000084200000, 0x0000000084300000, 0x0000000084300000|100%| S|CS|TAMS 0x0000000084200000| PB 0x0000000084200000| Complete |  0
|  31|0x0000000084300000, 0x0000000084400000, 0x0000000084400000|100%| S|CS|TAMS 0x0000000084300000| PB 0x0000000084300000| Complete |  0
|  32|0x0000000084400000, 0x0000000084400000, 0x0000000084500000|  0%| F|  |TAMS 0x0000000084400000| PB 0x0000000084400000| Untracked |  0
|  33|0x0000000084500000, 0x0000000084500000, 0x0000000084600000|  0%| F|  |TAMS 0x0000000084500000| PB 0x0000000084500000| Untracked |  0
|  34|0x0000000084600000, 0x0000000084600000, 0x0000000084700000|  0%| F|  |TAMS 0x0000000084600000| PB 0x0000000084600000| Untracked |  0
|  35|0x0000000084700000, 0x0000000084700000, 0x0000000084800000|  0%| F|  |TAMS 0x0000000084700000| PB 0x0000000084700000| Untracked |  0
|  36|0x0000000084800000, 0x0000000084800000, 0x0000000084900000|  0%| F|  |TAMS 0x0000000084800000| PB 0x0000000084800000| Untracked |  0
|  37|0x0000000084900000, 0x0000000084900000, 0x0000000084a00000|  0%| F|  |TAMS 0x0000000084900000| PB 0x0000000084900000| Untracked |  0
|  38|0x0000000084a00000, 0x0000000084a00000, 0x0000000084b00000|  0%| F|  |TAMS 0x0000000084a00000| PB 0x0000000084a00000| Untracked |  0
|  39|0x0000000084b00000, 0x0000000084b00000, 0x0000000084c00000|  0%| F|  |TAMS 0x0000000084b00000| PB 0x0000000084b00000| Untracked |  0
|  40|0x0000000084c00000, 0x0000000084c00000, 0x0000000084d00000|  0%| F|  |TAMS 0x0000000084c00000| PB 0x0000000084c00000| Untracked |  0
|  41|0x0000000084d00000, 0x0000000084d00000, 0x0000000084e00000|  0%| F|  |TAMS 0x0000000084d00000| PB 0x0000000084d00000| Untracked |  0
|  42|0x0000000084e00000, 0x0000000084e00000, 0x0000000084f00000|  0%| F|  |TAMS 0x0000000084e00000| PB 0x0000000084e00000| Untracked |  0
|  43|0x0000000084f00000, 0x0000000084f00000, 0x0000000085000000|  0%| F|  |TAMS 0x0000000084f00000| PB 0x0000000084f00000| Untracked |  0
|  44|0x0000000085000000, 0x0000000085000000, 0x0000000085100000|  0%| F|  |TAMS 0x0000000085000000| PB 0x0000000085000000| Untracked |  0
|  65|0x0000000086500000, 0x0000000086500000, 0x0000000086600000|  0%| F|  |TAMS 0x0000000086500000| PB 0x0000000086500000| Untracked |  0
|  66|0x0000000086600000, 0x0000000086600000, 0x0000000086700000|  0%| F|  |TAMS 0x0000000086600000| PB 0x0000000086600000| Untracked |  0
|  67|0x0000000086700000, 0x0000000086700000, 0x0000000086800000|  0%| F|  |TAMS 0x0000000086700000| PB 0x0000000086700000| Untracked |  0
|  68|0x0000000086800000, 0x0000000086800000, 0x0000000086900000|  0%| F|  |TAMS 0x0000000086800000| PB 0x0000000086800000| Untracked |  0
|  69|0x0000000086900000, 0x0000000086900000, 0x0000000086a00000|  0%| F|  |TAMS 0x0000000086900000| PB 0x0000000086900000| Untracked |  0
|  70|0x0000000086a00000, 0x0000000086b00000, 0x0000000086b00000|100%| E|  |TAMS 0x0000000086a00000| PB 0x0000000086a00000| Complete |  0
|  71|0x0000000086b00000, 0x0000000086c00000, 0x0000000086c00000|100%| E|CS|TAMS 0x0000000086b00000| PB 0x0000000086b00000| Complete |  0
| 125|0x000000008a100000, 0x000000008a200000, 0x000000008a200000|100%| E|CS|TAMS 0x000000008a100000| PB 0x000000008a100000| Complete |  0

Card table byte_map: [0x000002394b4c0000,0x000002394b8b0000] _byte_map_base: 0x000002394b0ae000

Marking Bits: (CMBitMap*) 0x0000023933abc240
 Bits: [0x000002394b8b0000, 0x000002394d820000)

Polling page: 0x0000023931a20000

Metaspace:

Usage:
  Non-class:     46.54 MB used.
      Class:      6.74 MB used.
       Both:     53.28 MB used.

Virtual space:
  Non-class space:       64.00 MB reserved,      46.94 MB ( 73%) committed,  1 nodes.
      Class space:        1.00 GB reserved,       7.12 MB ( <1%) committed,  1 nodes.
             Both:        1.06 GB reserved,      54.06 MB (  5%) committed. 

Chunk freelists:
   Non-Class:  130.00 KB
       Class:  8.86 MB
        Both:  8.99 MB

MaxMetaspaceSize: unlimited
CompressedClassSpaceSize: 1.00 GB
Initial GC threshold: 21.00 MB
Current GC threshold: 89.62 MB
CDS: on
 - commit_granule_bytes: 65536.
 - commit_granule_words: 8192.
 - virtual_space_node_default_size: 8388608.
 - enlarge_chunks_in_place: 1.
 - use_allocation_guard: 0.


Internal statistics:

num_allocs_failed_limit: 6.
num_arena_births: 1012.
num_arena_deaths: 28.
num_vsnodes_births: 2.
num_vsnodes_deaths: 0.
num_space_committed: 865.
num_space_uncommitted: 0.
num_chunks_returned_to_freelist: 45.
num_chunks_taken_from_freelist: 2948.
num_chunk_merges: 19.
num_chunk_splits: 1942.
num_chunks_enlarged: 1358.
num_inconsistent_stats: 0.

CodeHeap 'non-profiled nmethods': size=120000Kb used=6297Kb max_used=6297Kb free=113702Kb
 bounds [0x0000023943870000, 0x0000023943ea0000, 0x000002394ada0000]
CodeHeap 'profiled nmethods': size=120000Kb used=15969Kb max_used=15969Kb free=104030Kb
 bounds [0x000002393bda0000, 0x000002393cd40000, 0x00000239432d0000]
CodeHeap 'non-nmethods': size=5760Kb used=1735Kb max_used=1811Kb free=4024Kb
 bounds [0x00000239432d0000, 0x0000023943540000, 0x0000023943870000]
 total_blobs=7945 nmethods=7243 adapters=605
 compilation: enabled
              stopped_count=0, restarted_count=0
 full_count=0

Compilation events (20 events):
Event: 1362.020 Thread 0x0000023950280600 9900       3       sun.util.locale.StringTokenIterator::nextDelimiter (116 bytes)
Event: 1362.021 Thread 0x000002395027ff40 9901       4       java.util.concurrent.locks.ReentrantLock::<init> (16 bytes)
Event: 1362.025 Thread 0x0000023950280600 nmethod 9900 0x000002393cd36510 code [0x000002393cd36840, 0x000002393cd37c28]
Event: 1362.026 Thread 0x0000023950280600 9906       3       org.apache.tomcat.util.http.NamesEnumerator::findNext (110 bytes)
Event: 1362.028 Thread 0x0000023950280600 nmethod 9906 0x000002393cd38490 code [0x000002393cd386a0, 0x000002393cd38d60]
Event: 1362.029 Thread 0x0000023950280600 9902       3       org.springframework.security.web.firewall.StrictHttpFirewall$StrictFirewalledRequest::getHeaders (26 bytes)
Event: 1362.031 Thread 0x000002395027ff40 nmethod 9901 0x0000023943e95d10 code [0x0000023943e95ea0, 0x0000023943e96070]
Event: 1362.032 Thread 0x0000023950280600 nmethod 9902 0x000002393cd39090 code [0x000002393cd392c0, 0x000002393cd39ba8]
Event: 1362.032 Thread 0x0000023950280600 9903       3       org.springframework.security.web.firewall.StrictHttpFirewall$StrictFirewalledRequest$1::<init> (20 bytes)
Event: 1362.032 Thread 0x0000023950280600 nmethod 9903 0x000002393cd39f10 code [0x000002393cd3a0c0, 0x000002393cd3a340]
Event: 1362.033 Thread 0x0000023950280600 9904       3       org.springframework.security.web.firewall.StrictHttpFirewall$StrictFirewalledRequest$1::nextElement (5 bytes)
Event: 1362.033 Thread 0x0000023950280600 nmethod 9904 0x000002393cd3a410 code [0x000002393cd3a5e0, 0x000002393cd3a960]
Event: 1362.033 Thread 0x0000023950280600 9905       3       org.springframework.security.web.firewall.StrictHttpFirewall$StrictFirewalledRequest$1::nextElement (27 bytes)
Event: 1362.034 Thread 0x0000023950280600 nmethod 9905 0x000002393cd3ab10 code [0x000002393cd3ad20, 0x000002393cd3b2d0]
Event: 1362.034 Thread 0x0000023950280600 9907       3       org.springframework.data.util.ClassTypeInformation::from (17 bytes)
Event: 1362.035 Thread 0x0000023950280600 nmethod 9907 0x000002393cd3b590 code [0x000002393cd3b760, 0x000002393cd3bac8]
Event: 1362.081 Thread 0x0000023950280600 9908       3       java.util.Collections::eq (22 bytes)
Event: 1362.082 Thread 0x0000023950280600 nmethod 9908 0x000002393cd3bc10 code [0x000002393cd3bdc0, 0x000002393cd3c028]
Event: 1362.082 Thread 0x0000023950280600 9909       1       org.springframework.data.mapping.model.AbstractPersistentProperty::getOwner (5 bytes)
Event: 1362.082 Thread 0x0000023950280600 nmethod 9909 0x0000023943e96190 code [0x0000023943e96320, 0x0000023943e963e8]

GC Heap History (20 events):
Event: 752.731 GC heap before
{Heap before GC invocations=24 (full 2):
 garbage-first heap   total reserved 2060288K, committed 54272K, used 45567K [0x0000000082400000, 0x0000000100000000)
  region size 1024K, 24 young (24576K), 2 survivors (2048K)
 Metaspace       used 49760K, committed 50496K, reserved 1114112K
  class space    used 6323K, committed 6656K, reserved 1048576K
}
Event: 752.736 GC heap after
{Heap after GC invocations=25 (full 2):
 garbage-first heap   total reserved 2060288K, committed 54272K, used 24376K [0x0000000082400000, 0x0000000100000000)
  region size 1024K, 2 young (2048K), 2 survivors (2048K)
 Metaspace       used 49760K, committed 50496K, reserved 1114112K
  class space    used 6323K, committed 6656K, reserved 1048576K
}
Event: 753.045 GC heap before
{Heap before GC invocations=25 (full 2):
 garbage-first heap   total reserved 2060288K, committed 54272K, used 45880K [0x0000000082400000, 0x0000000100000000)
  region size 1024K, 24 young (24576K), 2 survivors (2048K)
 Metaspace       used 52059K, committed 52800K, reserved 1114112K
  class space    used 6639K, committed 6976K, reserved 1048576K
}
Event: 753.049 GC heap after
{Heap after GC invocations=26 (full 2):
 garbage-first heap   total reserved 2060288K, committed 54272K, used 24946K [0x0000000082400000, 0x0000000100000000)
  region size 1024K, 1 young (1024K), 1 survivors (1024K)
 Metaspace       used 52059K, committed 52800K, reserved 1114112K
  class space    used 6639K, committed 6976K, reserved 1048576K
}
Event: 877.268 GC heap before
{Heap before GC invocations=26 (full 2):
 garbage-first heap   total reserved 2060288K, committed 54272K, used 46450K [0x0000000082400000, 0x0000000100000000)
  region size 1024K, 23 young (23552K), 1 survivors (1024K)
 Metaspace       used 53592K, committed 54336K, reserved 1114112K
  class space    used 6854K, committed 7232K, reserved 1048576K
}
Event: 877.272 GC heap after
{Heap after GC invocations=27 (full 2):
 garbage-first heap   total reserved 2060288K, committed 54272K, used 25297K [0x0000000082400000, 0x0000000100000000)
  region size 1024K, 2 young (2048K), 2 survivors (2048K)
 Metaspace       used 53592K, committed 54336K, reserved 1114112K
  class space    used 6854K, committed 7232K, reserved 1048576K
}
Event: 1148.940 GC heap before
{Heap before GC invocations=28 (full 2):
 garbage-first heap   total reserved 2060288K, committed 54272K, used 45777K [0x0000000082400000, 0x0000000100000000)
  region size 1024K, 22 young (22528K), 2 survivors (2048K)
 Metaspace       used 53734K, committed 54528K, reserved 1114112K
  class space    used 6854K, committed 7232K, reserved 1048576K
}
Event: 1148.944 GC heap after
{Heap after GC invocations=29 (full 2):
 garbage-first heap   total reserved 2060288K, committed 54272K, used 25616K [0x0000000082400000, 0x0000000100000000)
  region size 1024K, 2 young (2048K), 2 survivors (2048K)
 Metaspace       used 53734K, committed 54528K, reserved 1114112K
  class space    used 6854K, committed 7232K, reserved 1048576K
}
Event: 1149.667 GC heap before
{Heap before GC invocations=29 (full 2):
 garbage-first heap   total reserved 2060288K, committed 54272K, used 26640K [0x0000000082400000, 0x0000000100000000)
  region size 1024K, 4 young (4096K), 2 survivors (2048K)
 Metaspace       used 53757K, committed 54592K, reserved 1114112K
  class space    used 6857K, committed 7232K, reserved 1048576K
}
Event: 1149.720 GC heap after
{Heap after GC invocations=30 (full 3):
 garbage-first heap   total reserved 2060288K, committed 54272K, used 21632K [0x0000000082400000, 0x0000000100000000)
  region size 1024K, 0 young (0K), 0 survivors (0K)
 Metaspace       used 53757K, committed 54592K, reserved 1114112K
  class space    used 6857K, committed 7232K, reserved 1048576K
}
Event: 1150.799 GC heap before
{Heap before GC invocations=30 (full 3):
 garbage-first heap   total reserved 2060288K, committed 54272K, used 48256K [0x0000000082400000, 0x0000000100000000)
  region size 1024K, 26 young (26624K), 0 survivors (0K)
 Metaspace       used 53977K, committed 54720K, reserved 1114112K
  class space    used 6870K, committed 7232K, reserved 1048576K
}
Event: 1150.803 GC heap after
{Heap after GC invocations=31 (full 3):
 garbage-first heap   total reserved 2060288K, committed 54272K, used 24313K [0x0000000082400000, 0x0000000100000000)
  region size 1024K, 3 young (3072K), 3 survivors (3072K)
 Metaspace       used 53977K, committed 54720K, reserved 1114112K
  class space    used 6870K, committed 7232K, reserved 1048576K
}
Event: 1211.499 GC heap before
{Heap before GC invocations=31 (full 3):
 garbage-first heap   total reserved 2060288K, committed 54272K, used 44793K [0x0000000082400000, 0x0000000100000000)
  region size 1024K, 23 young (23552K), 3 survivors (3072K)
 Metaspace       used 54205K, committed 54976K, reserved 1114112K
  class space    used 6877K, committed 7232K, reserved 1048576K
}
Event: 1211.509 GC heap after
{Heap after GC invocations=32 (full 3):
 garbage-first heap   total reserved 2060288K, committed 54272K, used 25122K [0x0000000082400000, 0x0000000100000000)
  region size 1024K, 2 young (2048K), 2 survivors (2048K)
 Metaspace       used 54205K, committed 54976K, reserved 1114112K
  class space    used 6877K, committed 7232K, reserved 1048576K
}
Event: 1300.119 GC heap before
{Heap before GC invocations=32 (full 3):
 garbage-first heap   total reserved 2060288K, committed 54272K, used 30242K [0x0000000082400000, 0x0000000100000000)
  region size 1024K, 8 young (8192K), 2 survivors (2048K)
 Metaspace       used 54249K, committed 55040K, reserved 1114112K
  class space    used 6878K, committed 7232K, reserved 1048576K
}
Event: 1300.182 GC heap after
{Heap after GC invocations=33 (full 4):
 garbage-first heap   total reserved 2060288K, committed 54272K, used 21606K [0x0000000082400000, 0x0000000100000000)
  region size 1024K, 0 young (0K), 0 survivors (0K)
 Metaspace       used 54246K, committed 55040K, reserved 1114112K
  class space    used 6877K, committed 7232K, reserved 1048576K
}
Event: 1300.830 GC heap before
{Heap before GC invocations=33 (full 4):
 garbage-first heap   total reserved 2060288K, committed 54272K, used 47206K [0x0000000082400000, 0x0000000100000000)
  region size 1024K, 26 young (26624K), 0 survivors (0K)
 Metaspace       used 54392K, committed 55168K, reserved 1114112K
  class space    used 6890K, committed 7232K, reserved 1048576K
}
Event: 1300.834 GC heap after
{Heap after GC invocations=34 (full 4):
 garbage-first heap   total reserved 2060288K, committed 54272K, used 24293K [0x0000000082400000, 0x0000000100000000)
  region size 1024K, 3 young (3072K), 3 survivors (3072K)
 Metaspace       used 54392K, committed 55168K, reserved 1114112K
  class space    used 6890K, committed 7232K, reserved 1048576K
}
Event: 1337.308 GC heap before
{Heap before GC invocations=34 (full 4):
 garbage-first heap   total reserved 2060288K, committed 54272K, used 45797K [0x0000000082400000, 0x0000000100000000)
  region size 1024K, 24 young (24576K), 3 survivors (3072K)
 Metaspace       used 54555K, committed 55360K, reserved 1114112K
  class space    used 6900K, committed 7296K, reserved 1048576K
}
Event: 1337.313 GC heap after
{Heap after GC invocations=35 (full 4):
 garbage-first heap   total reserved 2060288K, committed 54272K, used 25753K [0x0000000082400000, 0x0000000100000000)
  region size 1024K, 3 young (3072K), 3 survivors (3072K)
 Metaspace       used 54555K, committed 55360K, reserved 1114112K
  class space    used 6900K, committed 7296K, reserved 1048576K
}

Dll operation events (14 events):
Event: 0.027 Loaded shared library C:\Program Files\Java\jdk-22\bin\java.dll
Event: 0.072 Loaded shared library C:\Program Files\Java\jdk-22\bin\jsvml.dll
Event: 0.572 Loaded shared library C:\Program Files\Java\jdk-22\bin\zip.dll
Event: 0.583 Loaded shared library C:\Program Files\Java\jdk-22\bin\instrument.dll
Event: 0.592 Loaded shared library C:\Program Files\Java\jdk-22\bin\net.dll
Event: 0.595 Loaded shared library C:\Program Files\Java\jdk-22\bin\nio.dll
Event: 0.600 Loaded shared library C:\Program Files\Java\jdk-22\bin\zip.dll
Event: 0.899 Loaded shared library C:\Program Files\Java\jdk-22\bin\jimage.dll
Event: 0.990 Loaded shared library C:\Program Files\Java\jdk-22\bin\verify.dll
Event: 1.926 Loaded shared library C:\Program Files\Java\jdk-22\bin\management.dll
Event: 1.933 Loaded shared library C:\Program Files\Java\jdk-22\bin\management_ext.dll
Event: 3.939 Loaded shared library C:\Program Files\Java\jdk-22\bin\le.dll
Event: 5.652 Loaded shared library C:\Program Files\Java\jdk-22\bin\sunmscapi.dll
Event: 9.613 Loaded shared library C:\Program Files\Java\jdk-22\bin\extnet.dll

Deoptimization events (20 events):
Event: 1330.247 Thread 0x000002399be71240 DEOPT PACKING pc=0x000002393c4bbd09 sp=0x0000005cea8fa080
Event: 1330.247 Thread 0x000002399be71240 DEOPT UNPACKING pc=0x0000023943324e42 sp=0x0000005cea8f9558 mode 1
Event: 1330.247 Thread 0x000002399be71240 DEOPT PACKING pc=0x000002393c3b856c sp=0x0000005cea8fa110
Event: 1330.247 Thread 0x000002399be71240 DEOPT UNPACKING pc=0x0000023943324e42 sp=0x0000005cea8f96c0 mode 1
Event: 1330.247 Thread 0x000002399be71240 DEOPT PACKING pc=0x000002393c3b5aa4 sp=0x0000005cea8fa280
Event: 1330.247 Thread 0x000002399be71240 DEOPT UNPACKING pc=0x0000023943324e42 sp=0x0000005cea8f9820 mode 1
Event: 1330.248 Thread 0x000002399be71240 DEOPT PACKING pc=0x000002393c4bbd09 sp=0x0000005cea8fa0f0
Event: 1330.248 Thread 0x000002399be71240 DEOPT UNPACKING pc=0x0000023943324e42 sp=0x0000005cea8f95c8 mode 1
Event: 1330.248 Thread 0x000002399be71240 DEOPT PACKING pc=0x000002393c3b856c sp=0x0000005cea8fa180
Event: 1330.248 Thread 0x000002399be71240 DEOPT UNPACKING pc=0x0000023943324e42 sp=0x0000005cea8f9730 mode 1
Event: 1330.248 Thread 0x000002399be71240 DEOPT PACKING pc=0x000002393c3b5aa4 sp=0x0000005cea8fa2f0
Event: 1330.248 Thread 0x000002399be71240 DEOPT UNPACKING pc=0x0000023943324e42 sp=0x0000005cea8f9890 mode 1
Event: 1342.356 Thread 0x000002399be71240 DEOPT PACKING pc=0x0000023943e747ec sp=0x0000005cea8fc100
Event: 1342.356 Thread 0x000002399be71240 DEOPT UNPACKING pc=0x0000023943324e42 sp=0x0000005cea8fb588 mode 0
Event: 1342.356 Thread 0x000002399be71240 DEOPT PACKING pc=0x000002393bdc571c sp=0x0000005cea8fc200
Event: 1342.356 Thread 0x000002399be71240 DEOPT UNPACKING pc=0x0000023943324e42 sp=0x0000005cea8fb700 mode 0
Event: 1342.356 Thread 0x000002399be71240 DEOPT PACKING pc=0x000002393be7926c sp=0x0000005cea8fc3a0
Event: 1342.356 Thread 0x000002399be71240 DEOPT UNPACKING pc=0x0000023943324e42 sp=0x0000005cea8fb890 mode 0
Event: 1367.816 Thread 0x000002399be72c80 DEOPT PACKING pc=0x0000023943e747ec sp=0x0000005cea9fbdd0
Event: 1367.816 Thread 0x000002399be72c80 DEOPT UNPACKING pc=0x0000023943324e42 sp=0x0000005cea9fb248 mode 0

Classes loaded (20 events):
Event: 785.562 Loading class java/util/stream/ReferencePipeline$4
Event: 785.563 Loading class java/util/stream/ReferencePipeline$4 done
Event: 785.563 Loading class java/util/function/IntBinaryOperator
Event: 785.564 Loading class java/util/function/IntBinaryOperator done
Event: 785.564 Loading class java/util/stream/ReduceOps$7
Event: 785.564 Loading class java/util/stream/ReduceOps$7 done
Event: 785.564 Loading class java/util/stream/ReduceOps$6ReducingSink
Event: 785.564 Loading class java/util/stream/ReduceOps$6ReducingSink done
Event: 785.565 Loading class java/util/stream/ReferencePipeline$4$1
Event: 785.565 Loading class java/util/stream/ReferencePipeline$4$1 done
Event: 785.574 Loading class java/lang/Throwable$WrappedPrintWriter
Event: 785.574 Loading class java/lang/Throwable$PrintStreamOrWriter
Event: 785.574 Loading class java/lang/Throwable$PrintStreamOrWriter done
Event: 785.574 Loading class java/lang/Throwable$WrappedPrintWriter done
Event: 785.608 Loading class java/util/stream/LongStream
Event: 785.609 Loading class java/util/stream/LongStream done
Event: 785.609 Loading class java/util/stream/DoubleStream
Event: 785.609 Loading class java/util/stream/DoubleStream done
Event: 1013.540 Loading class java/lang/invoke/MethodHandleImpl$CountingWrapper$1
Event: 1013.543 Loading class java/lang/invoke/MethodHandleImpl$CountingWrapper$1 done

Classes unloaded (14 events):
Event: 262.032 Thread 0x0000023950245cd0 Unloading class 0x0000023952594400 'java/lang/invoke/LambdaForm$DMH+0x0000023952594400'
Event: 262.032 Thread 0x0000023950245cd0 Unloading class 0x0000023952580400 'java/lang/invoke/LambdaForm$DMH+0x0000023952580400'
Event: 262.032 Thread 0x0000023950245cd0 Unloading class 0x0000023952580000 'java/lang/invoke/LambdaForm$DMH+0x0000023952580000'
Event: 262.032 Thread 0x0000023950245cd0 Unloading class 0x0000023952538c00 'java/lang/invoke/LambdaForm$MH+0x0000023952538c00'
Event: 262.032 Thread 0x0000023950245cd0 Unloading class 0x0000023952538800 'java/lang/invoke/LambdaForm$MH+0x0000023952538800'
Event: 262.032 Thread 0x0000023950245cd0 Unloading class 0x00000239524f9400 'java/lang/invoke/LambdaForm$DMH+0x00000239524f9400'
Event: 262.032 Thread 0x0000023950245cd0 Unloading class 0x00000239524f9000 'java/lang/invoke/LambdaForm$DMH+0x00000239524f9000'
Event: 262.032 Thread 0x0000023950245cd0 Unloading class 0x00000239524f8400 'java/lang/invoke/LambdaForm$DMH+0x00000239524f8400'
Event: 262.032 Thread 0x0000023950245cd0 Unloading class 0x00000239524f8800 'java/lang/invoke/LambdaForm$DMH+0x00000239524f8800'
Event: 262.032 Thread 0x0000023950245cd0 Unloading class 0x00000239524ecc00 'java/lang/invoke/LambdaForm$MH+0x00000239524ecc00'
Event: 262.032 Thread 0x0000023950245cd0 Unloading class 0x00000239524ec800 'java/lang/invoke/LambdaForm$MH+0x00000239524ec800'
Event: 393.040 Thread 0x0000023950245cd0 Unloading class 0x000002395263a800 'org/apache/catalina/loader/JdbcLeakPrevention'
Event: 877.308 Thread 0x0000023950245cd0 Unloading class 0x0000023952644000 'org/apache/catalina/loader/JdbcLeakPrevention'
Event: 1300.134 Thread 0x0000023950245cd0 Unloading class 0x0000023952644000 'org/apache/catalina/loader/JdbcLeakPrevention'

Classes redefined (10 events):
Event: 261.323 Thread 0x0000023950245cd0 redefined class name=com.example.ecommerce.controller.AuthController, count=1
Event: 391.608 Thread 0x0000023950245cd0 redefined class name=com.example.ecommerce.controller.AuthController, count=1
Event: 391.608 Thread 0x0000023950245cd0 redefined class name=com.example.ecommerce.controller.AuthController, count=2
Event: 1148.980 Thread 0x0000023950245cd0 redefined class name=com.example.ecommerce.controller.AuthController, count=2
Event: 1148.980 Thread 0x0000023950245cd0 redefined class name=com.example.ecommerce.controller.AuthController, count=3
Event: 1148.980 Thread 0x0000023950245cd0 redefined class name=com.example.ecommerce.controller.AuthController, count=1
Event: 1298.782 Thread 0x0000023950245cd0 redefined class name=com.example.ecommerce.security.JWTUtil, count=1
Event: 1298.782 Thread 0x0000023950245cd0 redefined class name=com.example.ecommerce.security.JWTUtil, count=1
Event: 1298.782 Thread 0x0000023950245cd0 redefined class name=com.example.ecommerce.security.JWTUtil, count=1
Event: 1298.782 Thread 0x0000023950245cd0 redefined class name=com.example.ecommerce.security.JWTUtil, count=1

Internal exceptions (20 events):
Event: 1151.177 Thread 0x000002399be71240 Exception <a 'sun/nio/fs/WindowsException'{0x000000008665b5b0}> (0x000000008665b5b0) 
thrown [s\open\src\hotspot\share\prims\jni.cpp, line 520]
Event: 1300.105 Thread 0x000002399be76790 Exception <a 'java/lang/InterruptedException'{0x00000000868327f8}: sleep interrupted> (0x00000000868327f8) 
thrown [s\open\src\hotspot\share\prims\jvm.cpp, line 3093]
Event: 1300.107 Thread 0x000002399be76100 Exception <a 'java/lang/InterruptedException'{0x000000008682e5d8}: sleep interrupted> (0x000000008682e5d8) 
thrown [s\open\src\hotspot\share\prims\jvm.cpp, line 3093]
Event: 1300.107 Thread 0x000002399be725f0 Exception <a 'java/io/IOException'{0x000000008680da20}> (0x000000008680da20) 
thrown [s\open\src\hotspot\share\prims\jni.cpp, line 520]
Event: 1300.109 Thread 0x000002399be781d0 Exception <a 'java/lang/InterruptedException'{0x0000000086838b88}: sleep interrupted> (0x0000000086838b88) 
thrown [s\open\src\hotspot\share\prims\jvm.cpp, line 3093]
Event: 1300.109 Thread 0x000002399be75a70 Exception <a 'java/io/IOException'{0x0000000086802a70}> (0x0000000086802a70) 
thrown [s\open\src\hotspot\share\prims\jni.cpp, line 520]
Event: 1300.111 Thread 0x000002399be753e0 Exception <a 'java/io/IOException'{0x000000008681afe8}> (0x000000008681afe8) 
thrown [s\open\src\hotspot\share\prims\jni.cpp, line 520]
Event: 1300.118 Thread 0x000002399be739a0 Exception <a 'java/lang/InterruptedException'{0x0000000086726788}: sleep interrupted> (0x0000000086726788) 
thrown [s\open\src\hotspot\share\prims\jvm.cpp, line 3093]
Event: 1300.204 Thread 0x000002399600a1b0 Exception <a 'sun/nio/fs/WindowsException'{0x000000008a166408}> (0x000000008a166408) 
thrown [s\open\src\hotspot\share\prims\jni.cpp, line 520]
Event: 1300.788 Thread 0x000002399600a1b0 Exception <a 'java/lang/NoClassDefFoundError'{0x0000000084158c48}: org/flywaydb/core/Flyway> (0x0000000084158c48) 
thrown [s\open\src\hotspot\share\oops\constantPool.cpp, line 870]
Event: 1300.790 Thread 0x000002399600a1b0 Exception <a 'java/lang/NoClassDefFoundError'{0x00000000841592a8}: liquibase/integration/spring/SpringLiquibase> (0x00000000841592a8) 
thrown [s\open\src\hotspot\share\oops\constantPool.cpp, line 870]
Event: 1300.870 Thread 0x000002399600a1b0 Exception <a 'java/io/FileNotFoundException'{0x0000000086bda7c8}> (0x0000000086bda7c8) 
thrown [s\open\src\hotspot\share\prims\jni.cpp, line 520]
Event: 1300.898 Thread 0x000002399600a1b0 Exception <a 'java/io/FileNotFoundException'{0x0000000086af7f78}> (0x0000000086af7f78) 
thrown [s\open\src\hotspot\share\prims\jni.cpp, line 520]
Event: 1301.003 Thread 0x000002399600a1b0 Exception <a 'sun/nio/fs/WindowsException'{0x0000000086843148}> (0x0000000086843148) 
thrown [s\open\src\hotspot\share\prims\jni.cpp, line 520]
Event: 1301.049 Thread 0x000002399600c280 Exception <a 'sun/nio/fs/WindowsException'{0x00000000867bb150}> (0x00000000867bb150) 
thrown [s\open\src\hotspot\share\prims\jni.cpp, line 520]
Event: 1301.050 Thread 0x000002399600c280 Exception <a 'sun/nio/fs/WindowsException'{0x0000000086607ab8}> (0x0000000086607ab8) 
thrown [s\open\src\hotspot\share\prims\jni.cpp, line 520]
Event: 1301.052 Thread 0x000002399600c280 Exception <a 'sun/nio/fs/WindowsException'{0x000000008661a2b0}> (0x000000008661a2b0) 
thrown [s\open\src\hotspot\share\prims\jni.cpp, line 520]
Event: 1301.053 Thread 0x000002399600c280 Exception <a 'sun/nio/fs/WindowsException'{0x000000008662aca0}> (0x000000008662aca0) 
thrown [s\open\src\hotspot\share\prims\jni.cpp, line 520]
Event: 1301.055 Thread 0x000002399600c280 Exception <a 'sun/nio/fs/WindowsException'{0x00000000866493f0}> (0x00000000866493f0) 
thrown [s\open\src\hotspot\share\prims\jni.cpp, line 520]
Event: 1301.057 Thread 0x000002399600c280 Exception <a 'sun/nio/fs/WindowsException'{0x0000000086659cc0}> (0x0000000086659cc0) 
thrown [s\open\src\hotspot\share\prims\jni.cpp, line 520]

ZGC Phase Switch (0 events):
No events

VM Operations (20 events):
Event: 1364.549 Executing VM operation: get receiver
Event: 1364.549 Executing VM operation: get receiver done
Event: 1364.549 Executing VM operation: ChangeSingleStep
Event: 1364.549 Executing VM operation: ChangeSingleStep done
Event: 1364.550 Executing VM operation: ChangeSingleStep
Event: 1364.550 Executing VM operation: ChangeSingleStep done
Event: 1364.552 Executing VM operation: ChangeSingleStep
Event: 1364.552 Executing VM operation: ChangeSingleStep done
Event: 1364.555 Executing VM operation: get/set locals
Event: 1364.555 Executing VM operation: get/set locals done
Event: 1364.558 Executing VM operation: ChangeSingleStep
Event: 1364.558 Executing VM operation: ChangeSingleStep done
Event: 1364.570 Executing VM operation: get/set locals
Event: 1364.570 Executing VM operation: get/set locals done
Event: 1367.815 Executing VM operation: ChangeSingleStep
Event: 1367.815 Executing VM operation: ChangeSingleStep done
Event: 1367.816 Executing VM operation: ChangeSingleStep
Event: 1367.816 Executing VM operation: ChangeSingleStep done
Event: 1367.821 Executing VM operation: ChangeSingleStep
Event: 1367.821 Executing VM operation: ChangeSingleStep done

Events (20 events):
Event: 1301.276 Thread 0x000002399600f070 Thread added: 0x000002399600f070
Event: 1301.277 Thread 0x000002399be725f0 Thread added: 0x000002399be725f0
Event: 1301.309 Thread 0x000002399be739a0 Thread added: 0x000002399be739a0
Event: 1301.318 Thread 0x000002399be71240 Thread added: 0x000002399be71240
Event: 1301.318 Thread 0x000002399be72c80 Thread added: 0x000002399be72c80
Event: 1301.318 Thread 0x000002399be74030 Thread added: 0x000002399be74030
Event: 1301.318 Thread 0x000002399be70bb0 Thread added: 0x000002399be70bb0
Event: 1301.319 Thread 0x000002399be753e0 Thread added: 0x000002399be753e0
Event: 1301.319 Thread 0x000002399be76e20 Thread added: 0x000002399be76e20
Event: 1301.319 Thread 0x000002399be76790 Thread added: 0x000002399be76790
Event: 1301.319 Thread 0x000002399be75a70 Thread added: 0x000002399be75a70
Event: 1301.319 Thread 0x000002399be781d0 Thread added: 0x000002399be781d0
Event: 1301.320 Thread 0x000002399be774b0 Thread added: 0x000002399be774b0
Event: 1301.324 Thread 0x000002399be76100 Thread added: 0x000002399be76100
Event: 1301.324 Thread 0x000002395028b940 Thread added: 0x000002395028b940
Event: 1301.338 Thread 0x000002399600a1b0 Thread exited: 0x000002399600a1b0
Event: 1301.338 Thread 0x000002399600f700 Thread exited: 0x000002399600f700
Event: 1304.359 Thread 0x00000239980686a0 Thread exited: 0x00000239980686a0
Event: 1309.361 Thread 0x0000023950714370 Thread exited: 0x0000023950714370
Event: 1361.066 Thread 0x000002399600c280 Thread exited: 0x000002399600c280


Dynamic libraries:
0x00007ff7f3030000 - 0x00007ff7f3040000 	C:\Program Files\Java\jdk-22\bin\javaw.exe
0x00007ff9458e0000 - 0x00007ff945b43000 	C:\WINDOWS\SYSTEM32\ntdll.dll
0x00007ff944090000 - 0x00007ff944157000 	C:\WINDOWS\System32\KERNEL32.DLL
0x00007ff942c80000 - 0x00007ff943047000 	C:\WINDOWS\System32\KERNELBASE.dll
0x00007ff9435d0000 - 0x00007ff94371c000 	C:\WINDOWS\System32\ucrtbase.dll
0x00007ff8c8490000 - 0x00007ff8c84ab000 	C:\Program Files\Java\jdk-22\bin\VCRUNTIME140.dll
0x00007ff8ca260000 - 0x00007ff8ca277000 	C:\Program Files\Java\jdk-22\bin\jli.dll
0x00007ff943f00000 - 0x00007ff943fb4000 	C:\WINDOWS\System32\ADVAPI32.dll
0x00007ff944710000 - 0x00007ff9447b9000 	C:\WINDOWS\System32\msvcrt.dll
0x00007ff945110000 - 0x00007ff9451b6000 	C:\WINDOWS\System32\sechost.dll
0x00007ff945780000 - 0x00007ff945896000 	C:\WINDOWS\System32\RPCRT4.dll
0x00007ff945220000 - 0x00007ff9453e9000 	C:\WINDOWS\System32\USER32.dll
0x00007ff943450000 - 0x00007ff943477000 	C:\WINDOWS\System32\win32u.dll
0x00007ff943800000 - 0x00007ff94382a000 	C:\WINDOWS\System32\GDI32.dll
0x00007ff92d1b0000 - 0x00007ff92d440000 	C:\WINDOWS\WinSxS\amd64_microsoft.windows.common-controls_6595b64144ccf1df_6.0.26100.3037_none_3e09262ce333c378\COMCTL32.dll
0x00007ff943320000 - 0x00007ff94344b000 	C:\WINDOWS\System32\gdi32full.dll
0x00007ff943480000 - 0x00007ff943523000 	C:\WINDOWS\System32\msvcp_win.dll
0x00007ff936170000 - 0x00007ff93617b000 	C:\WINDOWS\SYSTEM32\VERSION.dll
0x00007ff944fe0000 - 0x00007ff94500f000 	C:\WINDOWS\System32\IMM32.DLL
0x00007ff920000000 - 0x00007ff92000c000 	C:\Program Files\Java\jdk-22\bin\vcruntime140_1.dll
0x00007ff8c7a30000 - 0x00007ff8c7abe000 	C:\Program Files\Java\jdk-22\bin\msvcp140.dll
0x00007ff8c1d40000 - 0x00007ff8c2a88000 	C:\Program Files\Java\jdk-22\bin\server\jvm.dll
0x00007ff945650000 - 0x00007ff9456c4000 	C:\WINDOWS\System32\WS2_32.dll
0x00007ff9424c0000 - 0x00007ff94250e000 	C:\WINDOWS\SYSTEM32\POWRPROF.dll
0x00007ff933380000 - 0x00007ff9333b6000 	C:\WINDOWS\SYSTEM32\WINMM.dll
0x00007ff942460000 - 0x00007ff942474000 	C:\WINDOWS\SYSTEM32\UMPDC.dll
0x00007ff941a90000 - 0x00007ff941aaa000 	C:\WINDOWS\SYSTEM32\kernel.appcore.dll
0x00007ff91f700000 - 0x00007ff91f70a000 	C:\Program Files\Java\jdk-22\bin\jimage.dll
0x00007ff9404a0000 - 0x00007ff9406e1000 	C:\WINDOWS\SYSTEM32\DBGHELP.DLL
0x00007ff944330000 - 0x00007ff9446ae000 	C:\WINDOWS\System32\combase.dll
0x00007ff943720000 - 0x00007ff9437f6000 	C:\WINDOWS\System32\OLEAUT32.dll
0x00007ff92b2f0000 - 0x00007ff92b329000 	C:\WINDOWS\SYSTEM32\dbgcore.DLL
0x00007ff943530000 - 0x00007ff9435c9000 	C:\WINDOWS\System32\bcryptPrimitives.dll
0x00007ff92fd10000 - 0x00007ff92fd4c000 	C:\Program Files\Java\jdk-22\bin\jdwp.dll
0x00007ff91e710000 - 0x00007ff91e71f000 	C:\Program Files\Java\jdk-22\bin\instrument.dll
0x00007ff8c8470000 - 0x00007ff8c848e000 	C:\Program Files\Java\jdk-22\bin\java.dll
0x00007ff9447c0000 - 0x00007ff944ec4000 	C:\WINDOWS\System32\SHELL32.dll
0x00007ff9438c0000 - 0x00007ff943a55000 	C:\WINDOWS\System32\ole32.dll
0x00007ff940960000 - 0x00007ff941197000 	C:\WINDOWS\SYSTEM32\windows.storage.dll
0x00007ff945020000 - 0x00007ff945109000 	C:\WINDOWS\System32\SHCORE.dll
0x00007ff9451c0000 - 0x00007ff94521d000 	C:\WINDOWS\System32\shlwapi.dll
0x00007ff942b90000 - 0x00007ff942bbe000 	C:\WINDOWS\SYSTEM32\profapi.dll
0x00007ff8c7950000 - 0x00007ff8c7a27000 	C:\Program Files\Java\jdk-22\bin\jsvml.dll
0x00007ff93f110000 - 0x00007ff93f11c000 	C:\Program Files\Java\jdk-22\bin\dt_socket.dll
0x00007ff9414f0000 - 0x00007ff941522000 	C:\WINDOWS\SYSTEM32\IPHLPAPI.DLL
0x00007ff941fc0000 - 0x00007ff942028000 	C:\WINDOWS\system32\mswsock.dll
0x00007ff941590000 - 0x00007ff9416b5000 	C:\WINDOWS\SYSTEM32\DNSAPI.dll
0x00007ff944ed0000 - 0x00007ff944eda000 	C:\WINDOWS\System32\NSI.dll
0x00007ff9309c0000 - 0x00007ff9309cb000 	C:\Windows\System32\rasadhlp.dll
0x00007ff935de0000 - 0x00007ff935e65000 	C:\WINDOWS\System32\fwpuclnt.dll
0x00007ff8c8450000 - 0x00007ff8c8467000 	C:\Program Files\Java\jdk-22\bin\zip.dll
0x00007ff91e690000 - 0x00007ff91e6a0000 	C:\Program Files\Java\jdk-22\bin\net.dll
0x00007ff8c7930000 - 0x00007ff8c7946000 	C:\Program Files\Java\jdk-22\bin\nio.dll
0x00007ff91d360000 - 0x00007ff91d370000 	C:\Program Files\Java\jdk-22\bin\verify.dll
0x00007ff9302a0000 - 0x00007ff9302aa000 	C:\Program Files\Java\jdk-22\bin\management.dll
0x00007ff92fe30000 - 0x00007ff92fe3b000 	C:\Program Files\Java\jdk-22\bin\management_ext.dll
0x00007ff944080000 - 0x00007ff944088000 	C:\WINDOWS\System32\PSAPI.DLL
0x00007ff92fe20000 - 0x00007ff92fe2b000 	C:\Program Files\Java\jdk-22\bin\le.dll
0x00007ff91ce70000 - 0x00007ff91ce7e000 	C:\Program Files\Java\jdk-22\bin\sunmscapi.dll
0x00007ff943050000 - 0x00007ff9431c6000 	C:\WINDOWS\System32\CRYPT32.dll
0x00007ff942570000 - 0x00007ff9425a0000 	C:\WINDOWS\SYSTEM32\ncrypt.dll
0x00007ff942520000 - 0x00007ff94255f000 	C:\WINDOWS\SYSTEM32\NTASN1.dll
0x00007ff942260000 - 0x00007ff94227c000 	C:\WINDOWS\SYSTEM32\CRYPTSP.dll
0x00007ff9419e0000 - 0x00007ff941a18000 	C:\WINDOWS\system32\rsaenh.dll
0x00007ff942060000 - 0x00007ff94208b000 	C:\WINDOWS\SYSTEM32\USERENV.dll
0x00007ff9425b0000 - 0x00007ff9425d6000 	C:\WINDOWS\SYSTEM32\bcrypt.dll
0x00007ff942280000 - 0x00007ff94228c000 	C:\WINDOWS\SYSTEM32\CRYPTBASE.dll
0x00007ff939b50000 - 0x00007ff939b6f000 	C:\WINDOWS\SYSTEM32\dhcpcsvc6.DLL
0x00007ff939b20000 - 0x00007ff939b45000 	C:\WINDOWS\SYSTEM32\dhcpcsvc.DLL
0x00007ff93f180000 - 0x00007ff93f189000 	C:\Program Files\Java\jdk-22\bin\extnet.dll
0x00007ff91f870000 - 0x00007ff91f878000 	C:\WINDOWS\system32\wshunix.dll

dbghelp: loaded successfully - version: 4.0.5 - missing functions: none
symbol engine: initialized successfully - sym options: 0x614 - pdb path: .;C:\Program Files\Java\jdk-22\bin;C:\WINDOWS\SYSTEM32;C:\WINDOWS\WinSxS\amd64_microsoft.windows.common-controls_6595b64144ccf1df_6.0.26100.3037_none_3e09262ce333c378;C:\Program Files\Java\jdk-22\bin\server

VM Arguments:
jvm_args: -XX:+ShowCodeDetailsInExceptionMessages -agentlib:jdwp=transport=dt_socket,suspend=y,address=localhost:61581 -javaagent:C:\Users\nambu\eclipse\java-2024-06\eclipse\configuration\org.eclipse.osgi\251\0\.cp\lib\javaagent-shaded.jar -Dfile.encoding=UTF-8 -Dstdout.encoding=UTF-8 -Dstderr.encoding=UTF-8 
java_command: com.example.ecommerce.EcommerceApplication
java_class_path (initial): C:\Users\nambu\OneDrive\Desktop\springBoot\ecommerce\target\classes;C:\Users\nambu\.m2\repository\org\springframework\boot\spring-boot-starter-data-mongodb\3.4.2\spring-boot-starter-data-mongodb-3.4.2.jar;C:\Users\nambu\.m2\repository\org\springframework\boot\spring-boot-starter\3.4.2\spring-boot-starter-3.4.2.jar;C:\Users\nambu\.m2\repository\org\springframework\boot\spring-boot-starter-logging\3.4.2\spring-boot-starter-logging-3.4.2.jar;C:\Users\nambu\.m2\repository\ch\qos\logback\logback-classic\1.5.16\logback-classic-1.5.16.jar;C:\Users\nambu\.m2\repository\ch\qos\logback\logback-core\1.5.16\logback-core-1.5.16.jar;C:\Users\nambu\.m2\repository\org\apache\logging\log4j\log4j-to-slf4j\2.24.3\log4j-to-slf4j-2.24.3.jar;C:\Users\nambu\.m2\repository\org\apache\logging\log4j\log4j-api\2.24.3\log4j-api-2.24.3.jar;C:\Users\nambu\.m2\repository\org\slf4j\jul-to-slf4j\2.0.16\jul-to-slf4j-2.0.16.jar;C:\Users\nambu\.m2\repository\jakarta\annotation\jakarta.annotation-api\2.1.1\jakarta.annotation-api-2.1.1.jar;C:\Users\nambu\.m2\repository\org\yaml\snakeyaml\2.3\snakeyaml-2.3.jar;C:\Users\nambu\.m2\repository\org\mongodb\mongodb-driver-sync\5.2.1\mongodb-driver-sync-5.2.1.jar;C:\Users\nambu\.m2\repository\org\mongodb\bson\5.2.1\bson-5.2.1.jar;C:\Users\nambu\.m2\repository\org\mongodb\mongodb-driver-core\5.2.1\mongodb-driver-core-5.2.1.jar;C:\Users\nambu\.m2\repository\org\mongodb\bson-record-codec\5.2.1\bson-record-codec-5.2.1.jar;C:\Users\nambu\.m2\repository\org\springframework\data\spring-data-mongodb\4.4.2\spring-data-mongodb-4.4.2.jar;C:\Users\nambu\.m2\repository\org\springframework\spring-tx\6.2.2\spring-tx-6.2.2.jar;C:\Users\nambu\.m2\repository\org\springframework\spring-context\6.2.2\spring-context-6.2.2.jar;C:\Users\nambu\.m2\repository\org\springframework\spring-beans\6.2.2\spring-beans-6.2.2.jar;C:\Users\nambu\.m2\repository\org\springframework\spring-expression\6.2.2\spring-expression-6.2.2.jar;C:\Users\nambu\.m2\repository\org\springframework\data\spring-data-commons\3.4.2\spring-data-commons-3.4.2.jar;C:\Users\nambu\.m2\repository\org\slf4j\slf4j-api\2.0.16\slf4j-api-2.0.16.jar;C:\Users\nambu\.m2\repository\org\springframework\boot\spring-boot-starter-mail\3.4.2\spring-boot-starter-mail-3.4.2.jar;C:\Users\nambu\.m2\repository\org\springframework\spring-context-support\6.2.2\spring-context-support-6.2.2.jar;C:\Users\nambu\.m2\repository\org\eclipse\angus\jakarta.mail\2.0.3\jakarta.mail-2.0.3.jar;C:\Users\nambu\.m2\repository\jakarta\activation\jakarta.activation-api\2.1.3\jakarta.activation-api-2.1.3.jar;C:\Users\nambu\.m2\repository\org\eclipse\angus\angus-activation\2.0.2\angus-activation-2.0.2.jar;C:\Users\nambu\.m2\repository\org\springframework\boot\spring-boot-starter-security\3.4.2\spring-boot-starter-security-3.4.2.jar;C:\Users\nambu\.m2\repository\org\springframework\spring-aop\6.2.2\spring-aop-6.2.2.jar;C:\Users\nambu\.m2\repository\org\springframework\security\spring-security-config\6.4.2\spring-security-config-6.4.2.jar;C:\Users\nambu\.m2\repository\org\springframework\security\spring-security-web\6.4.2\spring-security-web-6.4.2.jar;C:\Users\nambu\.m2\repository\io\jsonwebtoken\jjwt\0.9.1\jjwt-0.9.1.jar;C:\Users\nambu\.m2\repository\com\fasterxml\jackson\core\jackson-databind\2.18.2\jackson-databind-2.18.2.jar;C:\Users\nambu\.m2\repository\org\springframework\boot\spring-boot-starter-web\3.4.2\spring-boot-starter-web-3.4.2.jar;C:\Users\nambu\.m2\repository\org\springframework\boot\spring-boot-starter-json\3.4.2\spring-boot-starter-json-3.4.2.jar;C:\Users\nambu\.m2\repository\com\fasterxml\jackson\datatype\jackson-datatype-jdk8\2.18.2\jackson-datatype-jdk8-2.18.2.jar;C:\Users\nambu\.m2\repository\com\fasterxml\jackson\module\jackson-module-parameter-names\2.18.2\jackson-module-parameter-names-2.18.2.jar;C:\Users\nambu\.m2\repository\org\springframework\boot\spring-boot-starter-tomcat\3.4.2\spring-boot-starter-tomcat-3.4.2.jar;C:\Users\nambu\.m2\repository\org\apache\tomcat\embed\tomcat-embed-core\10.1.34\tomcat-embed-core-10.1.34.jar;C:\Users\nambu\.m2\repository\org\apache\tomcat\embed\tomcat-embed-el\10.1.34\tomcat-embed-el-10.1.34.jar;C:\Users\nambu\.m2\repository\org\apache\tomcat\embed\tomcat-embed-websocket\10.1.34\tomcat-embed-websocket-10.1.34.jar;C:\Users\nambu\.m2\repository\org\springframework\spring-web\6.2.2\spring-web-6.2.2.jar;C:\Users\nambu\.m2\repository\io\micrometer\micrometer-observation\1.14.3\micrometer-observation-1.14.3.jar;C:\Users\nambu\.m2\repository\io\micrometer\micrometer-commons\1.14.3\micrometer-commons-1.14.3.jar;C:\Users\nambu\.m2\repository\org\springframework\spring-webmvc\6.2.2\spring-webmvc-6.2.2.jar;C:\Users\nambu\.m2\repository\com\resend\resend-java\3.1.0\resend-java-3.1.0.jar;C:\Users\nambu\.m2\repository\com\fasterxml\jackson\core\jackson-core\2.18.2\jackson-core-2.18.2.jar;C:\Users\nambu\.m2\repository\com\fasterxml\jackson\core\jackson-annotations\2.18.2\jackson-annotations-2.18.2.jar;C:\Users\nambu\.m2\repository\com\fasterxml\jackson\datatype\jackson-datatype-jsr310\2.18.2\jackson-datatype-jsr310-2.18.2.jar;C:\Users\nambu\.m2\repository\com\squareup\okhttp3\okhttp\4.11.0\okhttp-4.11.0.jar;C:\Users\nambu\.m2\repository\com\squareup\okio\okio\3.2.0\okio-3.2.0.jar;C:\Users\nambu\.m2\repository\com\squareup\okio\okio-jvm\3.2.0\okio-jvm-3.2.0.jar;C:\Users\nambu\.m2\repository\org\jetbrains\kotlin\kotlin-stdlib-common\1.9.25\kotlin-stdlib-common-1.9.25.jar;C:\Users\nambu\.m2\repository\org\jetbrains\kotlin\kotlin-stdlib\1.9.25\kotlin-stdlib-1.9.25.jar;C:\Users\nambu\.m2\repository\org\jetbrains\annotations\13.0\annotations-13.0.jar;C:\Users\nambu\.m2\repository\org\jetbrains\kotlin\kotlin-stdlib-jdk8\1.9.25\kotlin-stdlib-jdk8-1.9.25.jar;C:\Users\nambu\.m2\repository\org\jetbrains\kotlin\kotlin-stdlib-jdk7\1.9.25\kotlin-stdlib-jdk7-1.9.25.jar;C:\Users\nambu\.m2\repository\org\springframework\boot\spring-boot-devtools\3.4.2\spring-boot-devtools-3.4.2.jar;C:\Users\nambu\.m2\repository\org\springframework\boot\spring-boot\3.4.2\spring-boot-3.4.2.jar;C:\Users\nambu\.m2\repository\org\springframework\boot\spring-boot-autoconfigure\3.4.2\spring-boot-autoconfigure-3.4.2.jar;C:\Users\nambu\.m2\repository\org\projectlombok\lombok\1.18.36\lombok-1.18.36.jar;C:\Users\nambu\.m2\repository\org\springframework\spring-core\6.2.2\spring-core-6.2.2.jar;C:\Users\nambu\.m2\repository\org\springframework\spring-jcl\6.2.2\spring-jcl-6.2.2.jar;C:\Users\nambu\.m2\repository\org\springframework\security\spring-security-core\6.4.2\spring-security-core-6.4.2.jar;C:\Users\nambu\.m2\repository\org\springframework\security\spring-security-crypto\6.4.2\spring-security-crypto-6.4.2.jar
Launcher Type: SUN_STANDARD

[Global flags]
     intx CICompilerCount                          = 4                                         {product} {ergonomic}
     uint ConcGCThreads                            = 2                                         {product} {ergonomic}
     uint G1ConcRefinementThreads                  = 8                                         {product} {ergonomic}
   size_t G1HeapRegionSize                         = 1048576                                   {product} {ergonomic}
   size_t InitialHeapSize                          = 132120576                                 {product} {ergonomic}
   size_t MarkStackSize                            = 4194304                                   {product} {ergonomic}
   size_t MaxHeapSize                              = 2109734912                                {product} {ergonomic}
   size_t MaxNewSize                               = 1265631232                                {product} {ergonomic}
   size_t MinHeapDeltaBytes                        = 1048576                                   {product} {ergonomic}
   size_t MinHeapSize                              = 8388608                                   {product} {ergonomic}
    uintx NonNMethodCodeHeapSize                   = 5839372                                {pd product} {ergonomic}
    uintx NonProfiledCodeHeapSize                  = 122909434                              {pd product} {ergonomic}
    uintx ProfiledCodeHeapSize                     = 122909434                              {pd product} {ergonomic}
    uintx ReservedCodeCacheSize                    = 251658240                              {pd product} {ergonomic}
     bool SegmentedCodeCache                       = true                                      {product} {ergonomic}
     bool ShowCodeDetailsInExceptionMessages       = true                                   {manageable} {command line}
   size_t SoftMaxHeapSize                          = 2109734912                             {manageable} {ergonomic}
     bool UseCompressedOops                        = true                           {product lp64_product} {ergonomic}
     bool UseG1GC                                  = true                                      {product} {ergonomic}
     bool UseLargePagesIndividualAllocation        = false                                  {pd product} {ergonomic}

Logging:
Log output configuration:
 #0: stdout all=warning uptime,level,tags foldmultilines=false
 #1: stderr all=off uptime,level,tags foldmultilines=false

Environment Variables:
JAVA_HOME=C:\Program Files\Java\jdk-22\bin
PATH=C:\Program Files\Common Files\Oracle\Java\javapath;C:\MinGW\bin;C:\Program Files\Git\cmd;C:\Users\nambu\AppData\Roaming\nvm;C:\Program Files\nodejs;C:\Program Files\Docker\Docker\resources\bin;C:\WINDOWS\system32;C:\WINDOWS;C:\WINDOWS\System32\Wbem;C:\WINDOWS\System32\WindowsPowerShell\v1.0\;C:\WINDOWS\System32\OpenSSH\;C:\Program Files\nodejs\;C:\Program Files\Java\jdk-22\bin;C:\Users\nambu\AppData\Local\Programs\Microsoft VS Code\bin;C:\Users\nambu\AppData\Local\Microsoft\WindowsApps;C:\Users\nambu\AppData\Roaming\npm
USERNAME=nambu
OS=Windows_NT
PROCESSOR_IDENTIFIER=Intel64 Family 6 Model 158 Stepping 10, GenuineIntel
TMP=C:\Users\nambu\AppData\Local\Temp
TEMP=C:\Users\nambu\AppData\Local\Temp




Periodic native trim disabled

---------------  S Y S T E M  ---------------

OS:
 Windows 11 , 64 bit Build 26100 (10.0.26100.3037)
OS uptime: 6 days 23:40 hours
Hyper-V role detected

CPU: total 8 (initial active 8) (4 cores per cpu, 2 threads per core) family 6 model 158 stepping 10 microcode 0xde, cx8, cmov, fxsr, ht, mmx, 3dnowpref, sse, sse2, sse3, ssse3, sse4.1, sse4.2, popcnt, lzcnt, tsc, tscinvbit, avx, avx2, aes, erms, clmul, bmi1, bmi2, adx, fma, vzeroupper, clflush, clflushopt, hv, rdtscp, f16c
Processor Information for all 8 processors :
  Max Mhz: 2400, Current Mhz: 2400, Mhz Limit: 2400

Memory: 4k page, system-wide physical 8043M (1264M free)
TotalPageFile size 15004M (AvailPageFile size 2699M)
current process WorkingSet (physical memory assigned to process): 219M, peak: 285M
current process commit charge ("private bytes"): 268M, peak: 332M

vm_info: Java HotSpot(TM) 64-Bit Server VM (22+36-2370) for windows-amd64 JRE (22+36-2370), built on 2024-02-15T22:15:19Z by "mach5one" with MS VC++ 17.6 (VS2022)

END.
